11:44:20 AM  [main] 	Initializing Control Panel
11:44:20 AM  [main] 	Windows Version: Windows 7 Ultimate SP1 32-bit
11:44:20 AM  [main] 	XAMPP Version: 5.6.8
11:44:20 AM  [main] 	Control Panel Version: 3.2.1  [ Compiled: May 7th 2013 ]
11:44:20 AM  [main] 	Running with Administrator rights - good!
11:44:20 AM  [main] 	XAMPP Installation Directory: "c:\xampp\"
11:44:20 AM  [main] 	Checking for prerequisites
11:44:20 AM  [main] 	All prerequisites found
11:44:20 AM  [main] 	Initializing Modules
11:44:20 AM  [main] 	Starting Check-Timer
11:44:20 AM  [main] 	Control Panel Ready
11:44:25 AM  [Apache] 	Attempting to start Apache app...
11:44:26 AM  [Apache] 	Status change detected: running
11:44:34 AM  [mysql] 	Attempting to start MySQL app...
11:44:34 AM  [mysql] 	Status change detected: running
5:29:54 PM  [Apache] 	Attempting to stop Apache (PID: 3332)
5:29:54 PM  [Apache] 	Attempting to stop Apache (PID: 2680)
5:29:55 PM  [mysql] 	Attempting to stop MySQL (PID: 4384)
5:29:55 PM  [Apache] 	Status change detected: stopped
5:29:56 PM  [mysql] 	Status change detected: stopped
5:34:20 PM  [main] 	Deinitializing Modules
5:34:20 PM  [main] 	Deinitializing Control Panel

5:44:08 PM  [main] 	Initializing Control Panel
5:44:08 PM  [main] 	Windows Version: Windows 7 Ultimate SP1 32-bit
5:44:08 PM  [main] 	XAMPP Version: 5.6.8
5:44:08 PM  [main] 	Control Panel Version: 3.2.1  [ Compiled: May 7th 2013 ]
5:44:08 PM  [main] 	Running with Administrator rights - good!
5:44:08 PM  [main] 	XAMPP Installation Directory: "c:\xampp\"
5:44:08 PM  [main] 	Checking for prerequisites
5:44:18 PM  [main] 	All prerequisites found
5:44:18 PM  [main] 	Initializing Modules
5:44:18 PM  [main] 	Starting Check-Timer
5:44:18 PM  [main] 	Control Panel Ready
5:44:21 PM  [Apache] 	Attempting to start Apache app...
5:44:23 PM  [Apache] 	Status change detected: running
5:44:42 PM  [mysql] 	Attempting to start MySQL app...
5:44:43 PM  [mysql] 	Status change detected: running
7:17:42 PM  [Apache] 	Attempting to stop Apache (PID: 3688)
7:17:42 PM  [Apache] 	Attempting to stop Apache (PID: 4244)
7:17:43 PM  [mysql] 	Attempting to stop MySQL (PID: 4372)
7:17:44 PM  [mysql] 	Status change detected: stopped
7:17:45 PM  [Apache] 	Status change detected: stopped
7:17:54 PM  [main] 	Deinitializing Modules
7:17:54 PM  [main] 	Deinitializing Control Panel

10:38:32 AM  [main] 	Initializing Control Panel
10:38:32 AM  [main] 	Windows Version: Windows 7 Ultimate SP1 32-bit
10:38:32 AM  [main] 	XAMPP Version: 5.6.8
10:38:32 AM  [main] 	Control Panel Version: 3.2.1  [ Compiled: May 7th 2013 ]
10:38:32 AM  [main] 	Running with Administrator rights - good!
10:38:32 AM  [main] 	XAMPP Installation Directory: "c:\xampp\"
10:38:32 AM  [main] 	Checking for prerequisites
10:38:34 AM  [main] 	All prerequisites found
10:38:34 AM  [main] 	Initializing Modules
10:38:34 AM  [main] 	Starting Check-Timer
10:38:34 AM  [main] 	Control Panel Ready
10:38:35 AM  [Apache] 	Attempting to start Apache app...
10:38:36 AM  [mysql] 	Attempting to start MySQL app...
10:38:39 AM  [Apache] 	Status change detected: running
10:38:39 AM  [mysql] 	Status change detected: running
7:32:39 PM  [Apache] 	Attempting to stop Apache (PID: 3644)
7:32:39 PM  [Apache] 	Attempting to stop Apache (PID: 1848)
7:32:40 PM  [mysql] 	Attempting to stop MySQL (PID: 860)
7:32:41 PM  [Apache] 	Status change detected: stopped
7:32:41 PM  [mysql] 	Status change detected: stopped
7:33:18 PM  [main] 	Deinitializing Modules
7:33:18 PM  [main] 	Deinitializing Control Panel

11:03:07 AM  [main] 	Initializing Control Panel
11:03:07 AM  [main] 	Windows Version: Windows 7 Ultimate SP1 32-bit
11:03:07 AM  [main] 	XAMPP Version: 5.6.8
11:03:07 AM  [main] 	Control Panel Version: 3.2.1  [ Compiled: May 7th 2013 ]
11:03:07 AM  [main] 	Running with Administrator rights - good!
11:03:07 AM  [main] 	XAMPP Installation Directory: "c:\xampp\"
11:03:07 AM  [main] 	Checking for prerequisites
11:03:08 AM  [main] 	All prerequisites found
11:03:08 AM  [main] 	Initializing Modules
11:03:08 AM  [main] 	Starting Check-Timer
11:03:08 AM  [main] 	Control Panel Ready
11:03:10 AM  [Apache] 	Attempting to start Apache app...
11:03:10 AM  [mysql] 	Attempting to start MySQL app...
11:03:13 AM  [Apache] 	Status change detected: running
11:03:14 AM  [mysql] 	Status change detected: running
7:45:48 PM  [main] 	Deinitializing Modules
7:45:49 PM  [main] 	Deinitializing Control Panel

10:21:16 AM  [main] 	Initializing Control Panel
10:21:16 AM  [main] 	Windows Version: Windows 7 Ultimate SP1 32-bit
10:21:16 AM  [main] 	XAMPP Version: 5.6.8
10:21:16 AM  [main] 	Control Panel Version: 3.2.1  [ Compiled: May 7th 2013 ]
10:21:16 AM  [main] 	Running with Administrator rights - good!
10:21:16 AM  [main] 	XAMPP Installation Directory: "c:\xampp\"
10:21:16 AM  [main] 	Checking for prerequisites
10:21:22 AM  [main] 	All prerequisites found
10:21:22 AM  [main] 	Initializing Modules
10:21:23 AM  [main] 	Starting Check-Timer
10:21:23 AM  [main] 	Control Panel Ready
10:21:24 AM  [Apache] 	Attempting to start Apache app...
10:21:26 AM  [mysql] 	Attempting to start MySQL app...
10:21:28 AM  [Apache] 	Status change detected: running
10:21:29 AM  [mysql] 	Status change detected: running
7:39:19 PM  [mysql] 	Status change detected: stopped
7:39:19 PM  [mysql] 	Error: MySQL shutdown unexpectedly.
7:39:19 PM  [mysql] 	This may be due to a blocked port, missing dependencies, 
7:39:19 PM  [mysql] 	improper privileges, a crash, or a shutdown by another method.
7:39:19 PM  [mysql] 	Press the Logs button to view error logs and check
7:39:19 PM  [mysql] 	the Windows Event Viewer for more clues
7:39:19 PM  [mysql] 	If you need more help, copy and post this
7:39:19 PM  [mysql] 	entire log window on the forums
7:39:19 PM  [Apache] 	Status change detected: stopped
7:39:19 PM  [Apache] 	Error: Apache shutdown unexpectedly.
7:39:19 PM  [Apache] 	This may be due to a blocked port, missing dependencies, 
7:39:19 PM  [Apache] 	improper privileges, a crash, or a shutdown by another method.
7:39:19 PM  [Apache] 	Press the Logs button to view error logs and check
7:39:19 PM  [Apache] 	the Windows Event Viewer for more clues
7:39:19 PM  [Apache] 	If you need more help, copy and post this
7:39:19 PM  [Apache] 	entire log window on the forums
7:39:20 PM  [main] 	Deinitializing Modules
7:39:20 PM  [main] 	Deinitializing Control Panel

10:26:46 AM  [main] 	Initializing Control Panel
10:26:46 AM  [main] 	Windows Version: Windows 7 Ultimate SP1 32-bit
10:26:46 AM  [main] 	XAMPP Version: 5.6.8
10:26:46 AM  [main] 	Control Panel Version: 3.2.1  [ Compiled: May 7th 2013 ]
10:26:46 AM  [main] 	Running with Administrator rights - good!
10:26:46 AM  [main] 	XAMPP Installation Directory: "c:\xampp\"
10:26:46 AM  [main] 	Checking for prerequisites
10:28:01 AM  [main] 	All prerequisites found
10:28:01 AM  [main] 	Initializing Modules
10:28:02 AM  [main] 	Starting Check-Timer
10:28:02 AM  [main] 	Control Panel Ready
10:28:07 AM  [Apache] 	Attempting to start Apache app...
10:28:07 AM  [mysql] 	Attempting to start MySQL app...
10:28:09 AM  [mysql] 	Status change detected: running
10:28:25 AM  [Apache] 	Status change detected: running
7:41:41 PM  [mysql] 	Status change detected: stopped
7:41:41 PM  [mysql] 	Error: MySQL shutdown unexpectedly.
7:41:41 PM  [mysql] 	This may be due to a blocked port, missing dependencies, 
7:41:41 PM  [mysql] 	improper privileges, a crash, or a shutdown by another method.
7:41:41 PM  [mysql] 	Press the Logs button to view error logs and check
7:41:41 PM  [mysql] 	the Windows Event Viewer for more clues
7:41:41 PM  [mysql] 	If you need more help, copy and post this
7:41:41 PM  [mysql] 	entire log window on the forums
7:41:42 PM  [main] 	Deinitializing Modules
7:41:42 PM  [main] 	Deinitializing Control Panel

10:39:44 AM  [main] 	Initializing Control Panel
10:39:44 AM  [main] 	Windows Version: Windows 7 Ultimate SP1 32-bit
10:39:44 AM  [main] 	XAMPP Version: 5.6.8
10:39:44 AM  [main] 	Control Panel Version: 3.2.1  [ Compiled: May 7th 2013 ]
10:39:44 AM  [main] 	Running with Administrator rights - good!
10:39:44 AM  [main] 	XAMPP Installation Directory: "c:\xampp\"
10:39:44 AM  [main] 	Checking for prerequisites
10:39:49 AM  [main] 	All prerequisites found
10:39:49 AM  [main] 	Initializing Modules
10:39:50 AM  [main] 	Starting Check-Timer
10:39:50 AM  [main] 	Control Panel Ready
10:39:51 AM  [Apache] 	Attempting to start Apache app...
10:39:52 AM  [mysql] 	Attempting to start MySQL app...
10:39:54 AM  [Apache] 	Status change detected: running
10:39:54 AM  [mysql] 	Status change detected: running
7:36:31 PM  [Apache] 	Attempting to stop Apache (PID: 5036)
7:36:31 PM  [Apache] 	Attempting to stop Apache (PID: 2708)
7:36:31 PM  [mysql] 	Attempting to stop MySQL (PID: 5752)
7:36:32 PM  [Apache] 	Status change detected: stopped
7:36:32 PM  [mysql] 	Status change detected: stopped
7:36:43 PM  [main] 	Deinitializing Modules
7:36:43 PM  [main] 	Deinitializing Control Panel

10:47:17 AM  [main] 	Initializing Control Panel
10:47:17 AM  [main] 	Windows Version: Windows 7 Ultimate SP1 32-bit
10:47:17 AM  [main] 	XAMPP Version: 5.6.8
10:47:17 AM  [main] 	Control Panel Version: 3.2.1  [ Compiled: May 7th 2013 ]
10:47:17 AM  [main] 	Running with Administrator rights - good!
10:47:17 AM  [main] 	XAMPP Installation Directory: "c:\xampp\"
10:47:17 AM  [main] 	Checking for prerequisites
10:47:19 AM  [main] 	All prerequisites found
10:47:19 AM  [main] 	Initializing Modules
10:47:19 AM  [main] 	Starting Check-Timer
10:47:19 AM  [main] 	Control Panel Ready
10:47:20 AM  [Apache] 	Attempting to start Apache app...
10:47:21 AM  [mysql] 	Attempting to start MySQL app...
10:47:23 AM  [Apache] 	Status change detected: running
10:47:23 AM  [mysql] 	Status change detected: running
7:02:55 PM  [Apache] 	Attempting to stop Apache (PID: 4252)
7:02:56 PM  [Apache] 	Attempting to stop Apache (PID: 1656)
7:02:56 PM  [mysql] 	Attempting to stop MySQL (PID: 6120)
7:03:02 PM  [mysql] 	Status change detected: stopped
7:03:04 PM  [Apache] 	Status change detected: stopped
7:03:21 PM  [main] 	Deinitializing Modules
7:03:22 PM  [main] 	Deinitializing Control Panel

10:37:11 AM  [main] 	Initializing Control Panel
10:37:11 AM  [main] 	Windows Version: Windows 7 Ultimate SP1 32-bit
10:37:11 AM  [main] 	XAMPP Version: 5.6.8
10:37:11 AM  [main] 	Control Panel Version: 3.2.1  [ Compiled: May 7th 2013 ]
10:37:11 AM  [main] 	Running with Administrator rights - good!
10:37:11 AM  [main] 	XAMPP Installation Directory: "c:\xampp\"
10:37:11 AM  [main] 	Checking for prerequisites
10:37:24 AM  [main] 	All prerequisites found
10:37:24 AM  [main] 	Initializing Modules
10:37:24 AM  [main] 	Starting Check-Timer
10:37:24 AM  [main] 	Control Panel Ready
10:37:26 AM  [Apache] 	Attempting to start Apache app...
10:37:27 AM  [mysql] 	Attempting to start MySQL app...
10:37:28 AM  [Apache] 	Status change detected: running
10:37:29 AM  [mysql] 	Status change detected: running
7:23:00 PM  [Apache] 	Attempting to stop Apache (PID: 2624)
7:23:00 PM  [Apache] 	Attempting to stop Apache (PID: 1696)
7:23:01 PM  [mysql] 	Attempting to stop MySQL (PID: 1580)
7:23:02 PM  [Apache] 	Status change detected: stopped
7:23:02 PM  [mysql] 	Status change detected: stopped
7:23:13 PM  [main] 	Deinitializing Modules
7:23:13 PM  [main] 	Deinitializing Control Panel

11:18:08 AM  [main] 	Initializing Control Panel
11:18:08 AM  [main] 	Windows Version: Windows 7 Ultimate SP1 32-bit
11:18:08 AM  [main] 	XAMPP Version: 5.6.8
11:18:08 AM  [main] 	Control Panel Version: 3.2.1  [ Compiled: May 7th 2013 ]
11:18:08 AM  [main] 	Running with Administrator rights - good!
11:18:08 AM  [main] 	XAMPP Installation Directory: "c:\xampp\"
11:18:08 AM  [main] 	Checking for prerequisites
11:18:08 AM  [main] 	All prerequisites found
11:18:08 AM  [main] 	Initializing Modules
11:18:09 AM  [main] 	Starting Check-Timer
11:18:09 AM  [main] 	Control Panel Ready
11:18:22 AM  [Apache] 	Attempting to start Apache app...
11:18:23 AM  [mysql] 	Attempting to start MySQL app...
11:18:24 AM  [Apache] 	Status change detected: running
11:18:24 AM  [mysql] 	Status change detected: running
5:23:39 PM  [Apache] 	Attempting to stop Apache (PID: 4172)
5:23:39 PM  [Apache] 	Attempting to stop Apache (PID: 3636)
5:23:40 PM  [Apache] 	Status change detected: stopped
5:23:41 PM  [mysql] 	Attempting to stop MySQL (PID: 5828)
5:23:41 PM  [mysql] 	Status change detected: stopped
5:23:42 PM  [mysql] 	Attempting to start MySQL app...
5:23:43 PM  [mysql] 	Status change detected: running
5:23:45 PM  [Apache] 	Attempting to start Apache app...
5:23:49 PM  [Apache] 	Status change detected: running
7:39:31 PM  [Apache] 	Attempting to stop Apache (PID: 3660)
7:39:31 PM  [Apache] 	Attempting to stop Apache (PID: 3456)
7:39:33 PM  [mysql] 	Attempting to stop MySQL (PID: 404)
7:39:34 PM  [Apache] 	Status change detected: stopped
7:39:35 PM  [mysql] 	Attempting to stop MySQL (PID: 404)
7:39:35 PM  [mysql] 	Problem killing PID 404
7:39:35 PM  [mysql] 	Check that you have the proper privileges
7:39:36 PM  [mysql] 	Status change detected: stopped
7:40:12 PM  [main] 	Deinitializing Modules
7:40:12 PM  [main] 	Deinitializing Control Panel

11:01:01 AM  [main] 	Initializing Control Panel
11:01:01 AM  [main] 	Windows Version: Windows 7 Ultimate SP1 32-bit
11:01:01 AM  [main] 	XAMPP Version: 5.6.8
11:01:01 AM  [main] 	Control Panel Version: 3.2.1  [ Compiled: May 7th 2013 ]
11:01:01 AM  [main] 	Running with Administrator rights - good!
11:01:01 AM  [main] 	XAMPP Installation Directory: "c:\xampp\"
11:01:01 AM  [main] 	Checking for prerequisites
11:01:01 AM  [main] 	All prerequisites found
11:01:01 AM  [main] 	Initializing Modules
11:01:01 AM  [main] 	Starting Check-Timer
11:01:01 AM  [main] 	Control Panel Ready
11:01:02 AM  [Apache] 	Attempting to start Apache app...
11:01:03 AM  [mysql] 	Attempting to start MySQL app...
11:01:04 AM  [Apache] 	Status change detected: running
11:01:04 AM  [mysql] 	Status change detected: running
7:26:36 PM  [Apache] 	Attempting to stop Apache (PID: 5992)
7:26:36 PM  [Apache] 	Attempting to stop Apache (PID: 4660)
7:26:37 PM  [mysql] 	Attempting to stop MySQL (PID: 1956)
7:26:37 PM  [mysql] 	Status change detected: stopped
7:26:38 PM  [Apache] 	Status change detected: stopped
7:26:57 PM  [main] 	Deinitializing Modules
7:26:57 PM  [main] 	Deinitializing Control Panel

10:49:43 AM  [main] 	Initializing Control Panel
10:49:43 AM  [main] 	Windows Version: Windows 7 Ultimate SP1 32-bit
10:49:43 AM  [main] 	XAMPP Version: 5.6.8
10:49:43 AM  [main] 	Control Panel Version: 3.2.1  [ Compiled: May 7th 2013 ]
10:49:43 AM  [main] 	Running with Administrator rights - good!
10:49:43 AM  [main] 	XAMPP Installation Directory: "c:\xampp\"
10:49:43 AM  [main] 	Checking for prerequisites
10:49:45 AM  [main] 	All prerequisites found
10:49:45 AM  [main] 	Initializing Modules
10:49:46 AM  [main] 	Starting Check-Timer
10:49:46 AM  [main] 	Control Panel Ready
10:49:48 AM  [Apache] 	Attempting to start Apache app...
10:49:48 AM  [mysql] 	Attempting to start MySQL app...
10:49:48 AM  [Apache] 	Status change detected: running
10:49:49 AM  [mysql] 	Status change detected: running
12:55:19 PM  [Apache] 	Attempting to stop Apache (PID: 5156)
12:55:19 PM  [Apache] 	Attempting to stop Apache (PID: 5908)
12:55:19 PM  [mysql] 	Attempting to stop MySQL (PID: 5188)
12:55:20 PM  [Apache] 	Status change detected: stopped
12:55:20 PM  [mysql] 	Status change detected: stopped
12:55:21 PM  [Apache] 	Attempting to start Apache app...
12:55:21 PM  [mysql] 	Attempting to start MySQL app...
12:55:23 PM  [Apache] 	Status change detected: running
12:55:23 PM  [mysql] 	Status change detected: running
12:56:55 PM  [mysql] 	Attempting to stop MySQL (PID: 480)
12:56:55 PM  [mysql] 	Status change detected: stopped
12:56:56 PM  [Apache] 	Attempting to stop Apache (PID: 4668)
12:56:56 PM  [Apache] 	Attempting to stop Apache (PID: 4436)
12:56:56 PM  [Apache] 	Status change detected: stopped
12:56:57 PM  [Apache] 	Attempting to start Apache app...
12:56:57 PM  [Apache] 	Status change detected: running
12:56:59 PM  [mysql] 	Attempting to start MySQL app...
12:56:59 PM  [mysql] 	Status change detected: running
7:49:59 PM  [mysql] 	Status change detected: stopped
7:49:59 PM  [mysql] 	Error: MySQL shutdown unexpectedly.
7:49:59 PM  [mysql] 	This may be due to a blocked port, missing dependencies, 
7:49:59 PM  [mysql] 	improper privileges, a crash, or a shutdown by another method.
7:49:59 PM  [mysql] 	Press the Logs button to view error logs and check
7:49:59 PM  [mysql] 	the Windows Event Viewer for more clues
7:49:59 PM  [mysql] 	If you need more help, copy and post this
7:49:59 PM  [mysql] 	entire log window on the forums
7:49:59 PM  [Apache] 	Status change detected: stopped
7:49:59 PM  [Apache] 	Error: Apache shutdown unexpectedly.
7:49:59 PM  [Apache] 	This may be due to a blocked port, missing dependencies, 
7:49:59 PM  [Apache] 	improper privileges, a crash, or a shutdown by another method.
7:49:59 PM  [Apache] 	Press the Logs button to view error logs and check
7:49:59 PM  [Apache] 	the Windows Event Viewer for more clues
7:49:59 PM  [Apache] 	If you need more help, copy and post this
7:49:59 PM  [Apache] 	entire log window on the forums
7:49:59 PM  [main] 	Deinitializing Modules
7:49:59 PM  [main] 	Deinitializing Control Panel

11:09:14 AM  [main] 	Initializing Control Panel
11:09:14 AM  [main] 	Windows Version: Windows 7 Ultimate SP1 32-bit
11:09:14 AM  [main] 	XAMPP Version: 5.6.8
11:09:14 AM  [main] 	Control Panel Version: 3.2.1  [ Compiled: May 7th 2013 ]
11:09:14 AM  [main] 	Running with Administrator rights - good!
11:09:14 AM  [main] 	XAMPP Installation Directory: "c:\xampp\"
11:09:14 AM  [main] 	Checking for prerequisites
11:09:16 AM  [main] 	All prerequisites found
11:09:16 AM  [main] 	Initializing Modules
11:09:16 AM  [main] 	Starting Check-Timer
11:09:16 AM  [main] 	Control Panel Ready
11:09:21 AM  [Apache] 	Attempting to start Apache app...
11:09:22 AM  [mysql] 	Attempting to start MySQL app...
11:09:23 AM  [Apache] 	Status change detected: running
11:09:24 AM  [mysql] 	Status change detected: running
7:27:26 PM  [Apache] 	Attempting to stop Apache (PID: 5532)
7:27:26 PM  [Apache] 	Attempting to stop Apache (PID: 5704)
7:27:27 PM  [mysql] 	Attempting to stop MySQL (PID: 6048)
7:27:27 PM  [Apache] 	Status change detected: stopped
7:27:28 PM  [mysql] 	Status change detected: stopped
7:27:47 PM  [main] 	Deinitializing Modules
7:27:47 PM  [main] 	Deinitializing Control Panel

10:35:39 AM  [main] 	Initializing Control Panel
10:35:39 AM  [main] 	Windows Version: Windows 7 Ultimate SP1 32-bit
10:35:39 AM  [main] 	XAMPP Version: 5.6.8
10:35:39 AM  [main] 	Control Panel Version: 3.2.1  [ Compiled: May 7th 2013 ]
10:35:39 AM  [main] 	Running with Administrator rights - good!
10:35:39 AM  [main] 	XAMPP Installation Directory: "c:\xampp\"
10:35:39 AM  [main] 	Checking for prerequisites
10:35:58 AM  [main] 	All prerequisites found
10:35:58 AM  [main] 	Initializing Modules
10:35:58 AM  [main] 	Starting Check-Timer
10:35:58 AM  [main] 	Control Panel Ready
10:36:04 AM  [Apache] 	Attempting to start Apache app...
10:36:05 AM  [mysql] 	Attempting to start MySQL app...
10:36:06 AM  [mysql] 	Status change detected: running
10:36:09 AM  [Apache] 	Status change detected: running
7:31:35 PM  [Apache] 	Attempting to stop Apache (PID: 1312)
7:31:35 PM  [Apache] 	Attempting to stop Apache (PID: 4252)
7:31:35 PM  [mysql] 	Attempting to stop MySQL (PID: 2008)
7:31:36 PM  [Apache] 	Status change detected: stopped
7:31:36 PM  [mysql] 	Status change detected: stopped
7:32:14 PM  [main] 	Deinitializing Modules
7:32:14 PM  [main] 	Deinitializing Control Panel

10:51:59 AM  [main] 	Initializing Control Panel
10:51:59 AM  [main] 	Windows Version: Windows 7 Ultimate SP1 32-bit
10:51:59 AM  [main] 	XAMPP Version: 5.6.8
10:51:59 AM  [main] 	Control Panel Version: 3.2.1  [ Compiled: May 7th 2013 ]
10:51:59 AM  [main] 	Running with Administrator rights - good!
10:51:59 AM  [main] 	XAMPP Installation Directory: "c:\xampp\"
10:51:59 AM  [main] 	Checking for prerequisites
10:52:01 AM  [main] 	All prerequisites found
10:52:01 AM  [main] 	Initializing Modules
10:52:01 AM  [main] 	Starting Check-Timer
10:52:01 AM  [main] 	Control Panel Ready
10:52:03 AM  [Apache] 	Attempting to start Apache app...
10:52:04 AM  [mysql] 	Attempting to start MySQL app...
10:52:05 AM  [Apache] 	Status change detected: running
10:52:06 AM  [mysql] 	Status change detected: running
8:02:03 PM  [Apache] 	Attempting to stop Apache (PID: 2264)
8:02:03 PM  [Apache] 	Attempting to stop Apache (PID: 1524)
8:02:05 PM  [mysql] 	Attempting to stop MySQL (PID: 3340)
8:02:05 PM  [Apache] 	Status change detected: stopped
8:02:05 PM  [mysql] 	Status change detected: stopped
8:02:29 PM  [main] 	Deinitializing Modules
8:02:29 PM  [main] 	Deinitializing Control Panel

10:55:54 AM  [main] 	Initializing Control Panel
10:55:54 AM  [main] 	Windows Version: Windows 7 Ultimate SP1 32-bit
10:55:54 AM  [main] 	XAMPP Version: 5.6.8
10:55:54 AM  [main] 	Control Panel Version: 3.2.1  [ Compiled: May 7th 2013 ]
10:55:54 AM  [main] 	Running with Administrator rights - good!
10:55:54 AM  [main] 	XAMPP Installation Directory: "c:\xampp\"
10:55:54 AM  [main] 	Checking for prerequisites
10:55:56 AM  [main] 	All prerequisites found
10:55:56 AM  [main] 	Initializing Modules
10:55:56 AM  [main] 	Starting Check-Timer
10:55:56 AM  [main] 	Control Panel Ready
10:55:59 AM  [Apache] 	Attempting to start Apache app...
10:55:59 AM  [mysql] 	Attempting to start MySQL app...
10:56:01 AM  [mysql] 	Status change detected: running
10:56:03 AM  [Apache] 	Status change detected: running
7:28:36 PM  [Apache] 	Attempting to stop Apache (PID: 5732)
7:28:36 PM  [Apache] 	Attempting to stop Apache (PID: 5604)
7:28:37 PM  [mysql] 	Attempting to stop MySQL (PID: 2856)
7:28:38 PM  [mysql] 	Status change detected: stopped
7:28:38 PM  [Apache] 	Status change detected: stopped
7:41:34 PM  [main] 	Deinitializing Modules
7:41:34 PM  [main] 	Deinitializing Control Panel

10:09:08 AM  [main] 	Initializing Control Panel
10:09:08 AM  [main] 	Windows Version: Windows 7 Ultimate SP1 32-bit
10:09:08 AM  [main] 	XAMPP Version: 5.6.8
10:09:08 AM  [main] 	Control Panel Version: 3.2.1  [ Compiled: May 7th 2013 ]
10:09:08 AM  [main] 	Running with Administrator rights - good!
10:09:08 AM  [main] 	XAMPP Installation Directory: "c:\xampp\"
10:09:08 AM  [main] 	Checking for prerequisites
10:09:10 AM  [main] 	All prerequisites found
10:09:10 AM  [main] 	Initializing Modules
10:09:10 AM  [main] 	Starting Check-Timer
10:09:10 AM  [main] 	Control Panel Ready
10:09:55 AM  [Apache] 	Attempting to start Apache app...
10:09:56 AM  [mysql] 	Attempting to start MySQL app...
10:09:56 AM  [Apache] 	Status change detected: running
10:09:57 AM  [mysql] 	Status change detected: running
7:25:48 PM  [Apache] 	Attempting to stop Apache (PID: 2572)
7:25:48 PM  [Apache] 	Attempting to stop Apache (PID: 628)
7:25:49 PM  [mysql] 	Attempting to stop MySQL (PID: 2948)
7:25:51 PM  [Apache] 	Status change detected: stopped
7:25:52 PM  [mysql] 	Status change detected: stopped
7:26:58 PM  [main] 	Deinitializing Modules
7:26:58 PM  [main] 	Deinitializing Control Panel

10:27:49 AM  [main] 	Initializing Control Panel
10:27:49 AM  [main] 	Windows Version: Windows 7 Ultimate SP1 32-bit
10:27:49 AM  [main] 	XAMPP Version: 5.6.8
10:27:49 AM  [main] 	Control Panel Version: 3.2.1  [ Compiled: May 7th 2013 ]
10:27:49 AM  [main] 	Running with Administrator rights - good!
10:27:49 AM  [main] 	XAMPP Installation Directory: "c:\xampp\"
10:27:49 AM  [main] 	Checking for prerequisites
10:27:57 AM  [main] 	All prerequisites found
10:27:57 AM  [main] 	Initializing Modules
10:27:57 AM  [main] 	Starting Check-Timer
10:27:57 AM  [main] 	Control Panel Ready
10:27:58 AM  [Apache] 	Attempting to start Apache app...
10:27:59 AM  [mysql] 	Attempting to start MySQL app...
10:28:00 AM  [Apache] 	Status change detected: running
10:28:00 AM  [mysql] 	Status change detected: running
8:15:43 PM  [Apache] 	Attempting to stop Apache (PID: 1360)
8:15:43 PM  [Apache] 	Attempting to stop Apache (PID: 3848)
8:15:43 PM  [mysql] 	Attempting to stop MySQL (PID: 616)
8:15:44 PM  [mysql] 	Status change detected: stopped
8:15:45 PM  [Apache] 	Status change detected: stopped
8:15:56 PM  [main] 	Deinitializing Modules
8:15:56 PM  [main] 	Deinitializing Control Panel

10:41:20 AM  [main] 	Initializing Control Panel
10:41:20 AM  [main] 	Windows Version: Windows 7 Ultimate SP1 32-bit
10:41:20 AM  [main] 	XAMPP Version: 5.6.8
10:41:20 AM  [main] 	Control Panel Version: 3.2.1  [ Compiled: May 7th 2013 ]
10:41:20 AM  [main] 	Running with Administrator rights - good!
10:41:20 AM  [main] 	XAMPP Installation Directory: "c:\xampp\"
10:41:20 AM  [main] 	Checking for prerequisites
10:41:31 AM  [main] 	All prerequisites found
10:41:31 AM  [main] 	Initializing Modules
10:41:31 AM  [main] 	Starting Check-Timer
10:41:31 AM  [main] 	Control Panel Ready
10:41:39 AM  [Apache] 	Attempting to start Apache app...
10:41:39 AM  [mysql] 	Attempting to start MySQL app...
10:41:41 AM  [Apache] 	Status change detected: running
10:41:41 AM  [mysql] 	Status change detected: running
8:06:57 PM  [Apache] 	Attempting to stop Apache (PID: 1112)
8:06:57 PM  [Apache] 	Attempting to stop Apache (PID: 2752)
8:06:58 PM  [mysql] 	Attempting to stop MySQL (PID: 200)
8:06:59 PM  [mysql] 	Status change detected: stopped
8:06:59 PM  [Apache] 	Status change detected: stopped
8:07:25 PM  [main] 	Deinitializing Modules
8:07:25 PM  [main] 	Deinitializing Control Panel

10:28:50 AM  [main] 	Initializing Control Panel
10:28:50 AM  [main] 	Windows Version: Windows 7 Ultimate SP1 32-bit
10:28:50 AM  [main] 	XAMPP Version: 5.6.8
10:28:50 AM  [main] 	Control Panel Version: 3.2.1  [ Compiled: May 7th 2013 ]
10:28:50 AM  [main] 	Running with Administrator rights - good!
10:28:50 AM  [main] 	XAMPP Installation Directory: "c:\xampp\"
10:28:50 AM  [main] 	Checking for prerequisites
10:28:52 AM  [main] 	All prerequisites found
10:28:52 AM  [main] 	Initializing Modules
10:28:52 AM  [main] 	Starting Check-Timer
10:28:52 AM  [main] 	Control Panel Ready
10:28:53 AM  [Apache] 	Attempting to start Apache app...
10:28:54 AM  [mysql] 	Attempting to start MySQL app...
10:28:55 AM  [mysql] 	Status change detected: running
10:28:59 AM  [Apache] 	Status change detected: running
7:55:42 PM  [mysql] 	Status change detected: stopped
7:55:42 PM  [mysql] 	Error: MySQL shutdown unexpectedly.
7:55:42 PM  [mysql] 	This may be due to a blocked port, missing dependencies, 
7:55:42 PM  [mysql] 	improper privileges, a crash, or a shutdown by another method.
7:55:42 PM  [mysql] 	Press the Logs button to view error logs and check
7:55:42 PM  [mysql] 	the Windows Event Viewer for more clues
7:55:42 PM  [mysql] 	If you need more help, copy and post this
7:55:42 PM  [mysql] 	entire log window on the forums
7:55:42 PM  [Apache] 	Status change detected: stopped
7:55:42 PM  [Apache] 	Error: Apache shutdown unexpectedly.
7:55:42 PM  [Apache] 	This may be due to a blocked port, missing dependencies, 
7:55:42 PM  [Apache] 	improper privileges, a crash, or a shutdown by another method.
7:55:42 PM  [Apache] 	Press the Logs button to view error logs and check
7:55:42 PM  [Apache] 	the Windows Event Viewer for more clues
7:55:42 PM  [Apache] 	If you need more help, copy and post this
7:55:42 PM  [Apache] 	entire log window on the forums
7:55:43 PM  [main] 	Deinitializing Modules
7:55:43 PM  [main] 	Deinitializing Control Panel

10:36:00 AM  [main] 	Initializing Control Panel
10:36:00 AM  [main] 	Windows Version: Windows 7 Ultimate SP1 32-bit
10:36:00 AM  [main] 	XAMPP Version: 5.6.8
10:36:00 AM  [main] 	Control Panel Version: 3.2.1  [ Compiled: May 7th 2013 ]
10:36:00 AM  [main] 	Running with Administrator rights - good!
10:36:00 AM  [main] 	XAMPP Installation Directory: "c:\xampp\"
10:36:00 AM  [main] 	Checking for prerequisites
10:36:01 AM  [main] 	All prerequisites found
10:36:01 AM  [main] 	Initializing Modules
10:36:01 AM  [main] 	Starting Check-Timer
10:36:01 AM  [main] 	Control Panel Ready
10:36:02 AM  [Apache] 	Attempting to start Apache app...
10:36:03 AM  [mysql] 	Attempting to start MySQL app...
10:36:04 AM  [Apache] 	Status change detected: running
10:36:05 AM  [mysql] 	Status change detected: running
8:04:45 PM  [Apache] 	Attempting to stop Apache (PID: 1752)
8:04:45 PM  [Apache] 	Attempting to stop Apache (PID: 3568)
8:04:46 PM  [mysql] 	Attempting to stop MySQL (PID: 3616)
8:04:47 PM  [Apache] 	Status change detected: stopped
8:04:47 PM  [mysql] 	Status change detected: stopped
8:04:58 PM  [main] 	Deinitializing Modules
8:04:58 PM  [main] 	Deinitializing Control Panel

10:27:46 AM  [main] 	Initializing Control Panel
10:27:46 AM  [main] 	Windows Version: Windows 7 Ultimate SP1 32-bit
10:27:46 AM  [main] 	XAMPP Version: 5.6.8
10:27:46 AM  [main] 	Control Panel Version: 3.2.1  [ Compiled: May 7th 2013 ]
10:27:46 AM  [main] 	Running with Administrator rights - good!
10:27:46 AM  [main] 	XAMPP Installation Directory: "c:\xampp\"
10:27:46 AM  [main] 	Checking for prerequisites
10:28:02 AM  [main] 	All prerequisites found
10:28:02 AM  [main] 	Initializing Modules
10:28:02 AM  [main] 	Starting Check-Timer
10:28:02 AM  [main] 	Control Panel Ready
10:28:20 AM  [Apache] 	Attempting to start Apache app...
10:28:21 AM  [mysql] 	Attempting to start MySQL app...
10:28:22 AM  [Apache] 	Status change detected: running
10:28:22 AM  [mysql] 	Status change detected: running
7:59:38 PM  [Apache] 	Attempting to stop Apache (PID: 3716)
7:59:38 PM  [Apache] 	Attempting to stop Apache (PID: 2144)
7:59:38 PM  [mysql] 	Attempting to stop MySQL (PID: 3728)
7:59:39 PM  [Apache] 	Status change detected: stopped
7:59:39 PM  [mysql] 	Status change detected: stopped
7:59:53 PM  [main] 	Deinitializing Modules
7:59:53 PM  [main] 	Deinitializing Control Panel

12:01:13 AM  [main] 	Initializing Control Panel
12:01:13 AM  [main] 	Windows Version: Windows 7 Ultimate SP1 32-bit
12:01:13 AM  [main] 	XAMPP Version: 5.6.8
12:01:13 AM  [main] 	Control Panel Version: 3.2.1  [ Compiled: May 7th 2013 ]
12:01:13 AM  [main] 	Running with Administrator rights - good!
12:01:13 AM  [main] 	XAMPP Installation Directory: "c:\xampp\"
12:01:13 AM  [main] 	Checking for prerequisites
12:01:41 AM  [main] 	All prerequisites found
12:01:41 AM  [main] 	Initializing Modules
12:01:41 AM  [main] 	Starting Check-Timer
12:01:41 AM  [main] 	Control Panel Ready
12:01:44 AM  [Apache] 	Status change detected: running
12:01:44 AM  [mysql] 	Status change detected: running
8:45:48 PM  [mysql] 	Status change detected: stopped
8:45:48 PM  [mysql] 	Error: MySQL shutdown unexpectedly.
8:45:48 PM  [mysql] 	This may be due to a blocked port, missing dependencies, 
8:45:48 PM  [mysql] 	improper privileges, a crash, or a shutdown by another method.
8:45:48 PM  [mysql] 	Press the Logs button to view error logs and check
8:45:48 PM  [mysql] 	the Windows Event Viewer for more clues
8:45:48 PM  [mysql] 	If you need more help, copy and post this
8:45:48 PM  [mysql] 	entire log window on the forums
8:45:48 PM  [Apache] 	Status change detected: stopped
8:45:48 PM  [Apache] 	Error: Apache shutdown unexpectedly.
8:45:48 PM  [Apache] 	This may be due to a blocked port, missing dependencies, 
8:45:48 PM  [Apache] 	improper privileges, a crash, or a shutdown by another method.
8:45:48 PM  [Apache] 	Press the Logs button to view error logs and check
8:45:48 PM  [Apache] 	the Windows Event Viewer for more clues
8:45:48 PM  [Apache] 	If you need more help, copy and post this
8:45:48 PM  [Apache] 	entire log window on the forums
8:45:48 PM  [main] 	Deinitializing Modules
8:45:48 PM  [main] 	Deinitializing Control Panel

10:43:17 AM  [main] 	Initializing Control Panel
10:43:17 AM  [main] 	Windows Version: Windows 7 Ultimate SP1 32-bit
10:43:17 AM  [main] 	XAMPP Version: 5.6.8
10:43:17 AM  [main] 	Control Panel Version: 3.2.1  [ Compiled: May 7th 2013 ]
10:43:17 AM  [main] 	Running with Administrator rights - good!
10:43:17 AM  [main] 	XAMPP Installation Directory: "c:\xampp\"
10:43:17 AM  [main] 	Checking for prerequisites
10:43:22 AM  [main] 	All prerequisites found
10:43:22 AM  [main] 	Initializing Modules
10:43:22 AM  [main] 	Starting Check-Timer
10:43:22 AM  [main] 	Control Panel Ready
10:43:23 AM  [Apache] 	Attempting to start Apache app...
10:43:24 AM  [mysql] 	Attempting to start MySQL app...
10:43:25 AM  [Apache] 	Status change detected: running
10:43:26 AM  [mysql] 	Status change detected: running
7:03:03 PM  [main] 	Deinitializing Modules
7:03:03 PM  [main] 	Deinitializing Control Panel

11:30:39 AM  [main] 	Initializing Control Panel
11:30:39 AM  [main] 	Windows Version: Windows 7 Ultimate SP1 32-bit
11:30:39 AM  [main] 	XAMPP Version: 5.6.8
11:30:39 AM  [main] 	Control Panel Version: 3.2.1  [ Compiled: May 7th 2013 ]
11:30:39 AM  [main] 	Running with Administrator rights - good!
11:30:39 AM  [main] 	XAMPP Installation Directory: "c:\xampp\"
11:30:39 AM  [main] 	Checking for prerequisites
11:30:40 AM  [main] 	All prerequisites found
11:30:40 AM  [main] 	Initializing Modules
11:30:40 AM  [main] 	Starting Check-Timer
11:30:40 AM  [main] 	Control Panel Ready
11:30:41 AM  [Apache] 	Attempting to start Apache app...
11:30:42 AM  [mysql] 	Attempting to start MySQL app...
11:30:44 AM  [Apache] 	Status change detected: running
11:30:45 AM  [mysql] 	Status change detected: running
3:51:52 PM  [Apache] 	Attempting to stop Apache (PID: 2668)
3:51:52 PM  [Apache] 	Attempting to stop Apache (PID: 1200)
3:51:54 PM  [Apache] 	Status change detected: stopped
3:51:54 PM  [mysql] 	Attempting to stop MySQL (PID: 2672)
3:51:55 PM  [mysql] 	Status change detected: stopped
3:51:57 PM  [Apache] 	Attempting to start Apache app...
3:51:58 PM  [Apache] 	Status change detected: running
3:52:00 PM  [mysql] 	Attempting to start MySQL app...
3:52:02 PM  [mysql] 	Status change detected: running
3:52:45 PM  [Apache] 	Attempting to stop Apache (PID: 5400)
3:52:45 PM  [Apache] 	Attempting to stop Apache (PID: 2512)
3:52:45 PM  [Apache] 	Status change detected: stopped
3:52:45 PM  [mysql] 	Attempting to stop MySQL (PID: 4988)
3:52:46 PM  [mysql] 	Status change detected: stopped
3:52:47 PM  [Apache] 	Attempting to start Apache app...
3:52:47 PM  [Apache] 	Status change detected: running
3:52:48 PM  [mysql] 	Attempting to start MySQL app...
3:52:51 PM  [mysql] 	Status change detected: running
8:24:37 PM  [mysql] 	Status change detected: stopped
8:24:37 PM  [mysql] 	Error: MySQL shutdown unexpectedly.
8:24:37 PM  [mysql] 	This may be due to a blocked port, missing dependencies, 
8:24:37 PM  [mysql] 	improper privileges, a crash, or a shutdown by another method.
8:24:37 PM  [mysql] 	Press the Logs button to view error logs and check
8:24:37 PM  [mysql] 	the Windows Event Viewer for more clues
8:24:37 PM  [mysql] 	If you need more help, copy and post this
8:24:37 PM  [mysql] 	entire log window on the forums
8:24:39 PM  [Apache] 	Status change detected: stopped
8:24:39 PM  [Apache] 	Error: Apache shutdown unexpectedly.
8:24:39 PM  [Apache] 	This may be due to a blocked port, missing dependencies, 
8:24:39 PM  [Apache] 	improper privileges, a crash, or a shutdown by another method.
8:24:39 PM  [Apache] 	Press the Logs button to view error logs and check
8:24:39 PM  [Apache] 	the Windows Event Viewer for more clues
8:24:39 PM  [Apache] 	If you need more help, copy and post this
8:24:39 PM  [Apache] 	entire log window on the forums
8:25:49 PM  [main] 	Deinitializing Modules
8:25:49 PM  [main] 	Deinitializing Control Panel

10:34:32 AM  [main] 	Initializing Control Panel
10:34:32 AM  [main] 	Windows Version: Windows 7 Ultimate SP1 32-bit
10:34:32 AM  [main] 	XAMPP Version: 5.6.8
10:34:32 AM  [main] 	Control Panel Version: 3.2.1  [ Compiled: May 7th 2013 ]
10:34:32 AM  [main] 	Running with Administrator rights - good!
10:34:32 AM  [main] 	XAMPP Installation Directory: "c:\xampp\"
10:34:32 AM  [main] 	Checking for prerequisites
10:34:34 AM  [main] 	All prerequisites found
10:34:34 AM  [main] 	Initializing Modules
10:34:34 AM  [main] 	Starting Check-Timer
10:34:34 AM  [main] 	Control Panel Ready
10:38:40 AM  [Apache] 	Attempting to start Apache app...
10:38:41 AM  [mysql] 	Attempting to start MySQL app...
10:38:42 AM  [Apache] 	Status change detected: running
10:38:43 AM  [mysql] 	Status change detected: running
8:01:33 PM  [Apache] 	Attempting to stop Apache (PID: 4796)
8:01:33 PM  [Apache] 	Attempting to stop Apache (PID: 868)
8:01:34 PM  [mysql] 	Attempting to stop MySQL (PID: 600)
8:01:36 PM  [mysql] 	Status change detected: stopped
8:01:36 PM  [Apache] 	Status change detected: stopped
8:02:08 PM  [main] 	Deinitializing Modules
8:02:08 PM  [main] 	Deinitializing Control Panel

10:25:48 AM  [main] 	Initializing Control Panel
10:25:48 AM  [main] 	Windows Version: Windows 7 Ultimate SP1 32-bit
10:25:48 AM  [main] 	XAMPP Version: 5.6.8
10:25:48 AM  [main] 	Control Panel Version: 3.2.1  [ Compiled: May 7th 2013 ]
10:25:48 AM  [main] 	Running with Administrator rights - good!
10:25:48 AM  [main] 	XAMPP Installation Directory: "c:\xampp\"
10:25:48 AM  [main] 	Checking for prerequisites
10:25:49 AM  [main] 	All prerequisites found
10:25:49 AM  [main] 	Initializing Modules
10:25:49 AM  [main] 	Starting Check-Timer
10:25:49 AM  [main] 	Control Panel Ready
10:25:50 AM  [Apache] 	Attempting to start Apache app...
10:25:51 AM  [mysql] 	Attempting to start MySQL app...
10:25:52 AM  [Apache] 	Status change detected: running
10:25:52 AM  [mysql] 	Status change detected: running
5:51:48 PM  [mysql] 	Status change detected: stopped
5:51:48 PM  [mysql] 	Error: MySQL shutdown unexpectedly.
5:51:48 PM  [mysql] 	This may be due to a blocked port, missing dependencies, 
5:51:48 PM  [mysql] 	improper privileges, a crash, or a shutdown by another method.
5:51:48 PM  [mysql] 	Press the Logs button to view error logs and check
5:51:48 PM  [mysql] 	the Windows Event Viewer for more clues
5:51:48 PM  [mysql] 	If you need more help, copy and post this
5:51:48 PM  [mysql] 	entire log window on the forums
5:51:48 PM  [Apache] 	Status change detected: stopped
5:51:48 PM  [Apache] 	Error: Apache shutdown unexpectedly.
5:51:48 PM  [Apache] 	This may be due to a blocked port, missing dependencies, 
5:51:48 PM  [Apache] 	improper privileges, a crash, or a shutdown by another method.
5:51:48 PM  [Apache] 	Press the Logs button to view error logs and check
5:51:48 PM  [Apache] 	the Windows Event Viewer for more clues
5:51:48 PM  [Apache] 	If you need more help, copy and post this
5:51:48 PM  [Apache] 	entire log window on the forums
5:51:48 PM  [main] 	Deinitializing Modules
5:51:48 PM  [main] 	Deinitializing Control Panel

5:54:03 PM  [main] 	Initializing Control Panel
5:54:03 PM  [main] 	Windows Version: Windows 7 Ultimate SP1 32-bit
5:54:03 PM  [main] 	XAMPP Version: 5.6.8
5:54:03 PM  [main] 	Control Panel Version: 3.2.1  [ Compiled: May 7th 2013 ]
5:54:03 PM  [main] 	Running with Administrator rights - good!
5:54:03 PM  [main] 	XAMPP Installation Directory: "c:\xampp\"
5:54:03 PM  [main] 	Checking for prerequisites
5:54:05 PM  [main] 	All prerequisites found
5:54:05 PM  [main] 	Initializing Modules
5:54:05 PM  [main] 	Starting Check-Timer
5:54:05 PM  [main] 	Control Panel Ready
5:54:06 PM  [Apache] 	Attempting to start Apache app...
5:54:07 PM  [mysql] 	Attempting to start MySQL app...
5:54:08 PM  [Apache] 	Status change detected: running
5:54:08 PM  [mysql] 	Status change detected: running
8:13:16 PM  [Apache] 	Attempting to stop Apache (PID: 3716)
8:13:16 PM  [Apache] 	Attempting to stop Apache (PID: 3996)
8:13:17 PM  [mysql] 	Attempting to stop MySQL (PID: 3660)
8:13:17 PM  [Apache] 	Status change detected: stopped
8:13:18 PM  [mysql] 	Status change detected: stopped
8:13:34 PM  [main] 	Deinitializing Modules
8:13:34 PM  [main] 	Deinitializing Control Panel

10:20:10 AM  [main] 	Initializing Control Panel
10:20:10 AM  [main] 	Windows Version: Windows 7 Ultimate SP1 32-bit
10:20:10 AM  [main] 	XAMPP Version: 5.6.8
10:20:10 AM  [main] 	Control Panel Version: 3.2.1  [ Compiled: May 7th 2013 ]
10:20:10 AM  [main] 	Running with Administrator rights - good!
10:20:10 AM  [main] 	XAMPP Installation Directory: "c:\xampp\"
10:20:10 AM  [main] 	Checking for prerequisites
10:20:11 AM  [main] 	All prerequisites found
10:20:11 AM  [main] 	Initializing Modules
10:20:11 AM  [main] 	Starting Check-Timer
10:20:11 AM  [main] 	Control Panel Ready
10:20:12 AM  [Apache] 	Attempting to start Apache app...
10:20:12 AM  [mysql] 	Attempting to start MySQL app...
10:20:14 AM  [Apache] 	Status change detected: running
10:20:14 AM  [mysql] 	Status change detected: running
8:26:17 PM  [Apache] 	Attempting to stop Apache (PID: 4636)
8:26:17 PM  [Apache] 	Attempting to stop Apache (PID: 4768)
8:26:18 PM  [mysql] 	Attempting to stop MySQL (PID: 4648)
8:26:20 PM  [mysql] 	Status change detected: stopped
8:26:20 PM  [Apache] 	Status change detected: stopped
8:26:50 PM  [main] 	Deinitializing Modules
8:26:50 PM  [main] 	Deinitializing Control Panel

11:19:11 AM  [main] 	Initializing Control Panel
11:19:11 AM  [main] 	Windows Version: Windows 7 Ultimate SP1 32-bit
11:19:11 AM  [main] 	XAMPP Version: 5.6.8
11:19:11 AM  [main] 	Control Panel Version: 3.2.1  [ Compiled: May 7th 2013 ]
11:19:11 AM  [main] 	Running with Administrator rights - good!
11:19:11 AM  [main] 	XAMPP Installation Directory: "c:\xampp\"
11:19:11 AM  [main] 	Checking for prerequisites
11:19:13 AM  [main] 	All prerequisites found
11:19:13 AM  [main] 	Initializing Modules
11:19:13 AM  [main] 	Starting Check-Timer
11:19:13 AM  [main] 	Control Panel Ready
11:19:14 AM  [Apache] 	Attempting to start Apache app...
11:19:15 AM  [mysql] 	Attempting to start MySQL app...
11:19:16 AM  [Apache] 	Status change detected: running
11:19:17 AM  [mysql] 	Status change detected: running
9:01:02 PM  [mysql] 	Status change detected: stopped
9:01:02 PM  [mysql] 	Error: MySQL shutdown unexpectedly.
9:01:02 PM  [mysql] 	This may be due to a blocked port, missing dependencies, 
9:01:02 PM  [mysql] 	improper privileges, a crash, or a shutdown by another method.
9:01:02 PM  [mysql] 	Press the Logs button to view error logs and check
9:01:02 PM  [mysql] 	the Windows Event Viewer for more clues
9:01:02 PM  [mysql] 	If you need more help, copy and post this
9:01:02 PM  [mysql] 	entire log window on the forums
9:01:02 PM  [main] 	Deinitializing Modules
9:01:02 PM  [main] 	Deinitializing Control Panel

12:01:57 AM  [main] 	Initializing Control Panel
12:01:57 AM  [main] 	Windows Version: Windows 7 Ultimate SP1 32-bit
12:01:57 AM  [main] 	XAMPP Version: 5.6.8
12:01:57 AM  [main] 	Control Panel Version: 3.2.1  [ Compiled: May 7th 2013 ]
12:01:57 AM  [main] 	Running with Administrator rights - good!
12:01:57 AM  [main] 	XAMPP Installation Directory: "c:\xampp\"
12:01:57 AM  [main] 	Checking for prerequisites
12:02:11 AM  [main] 	All prerequisites found
12:02:11 AM  [main] 	Initializing Modules
12:02:12 AM  [main] 	Starting Check-Timer
12:02:12 AM  [main] 	Control Panel Ready
10:28:35 AM  [Apache] 	Attempting to start Apache app...
10:28:36 AM  [mysql] 	Attempting to start MySQL app...
10:28:38 AM  [Apache] 	Status change detected: running
10:28:39 AM  [mysql] 	Status change detected: running
9:41:03 PM  [mysql] 	Status change detected: stopped
9:41:03 PM  [mysql] 	Error: MySQL shutdown unexpectedly.
9:41:03 PM  [mysql] 	This may be due to a blocked port, missing dependencies, 
9:41:03 PM  [mysql] 	improper privileges, a crash, or a shutdown by another method.
9:41:03 PM  [mysql] 	Press the Logs button to view error logs and check
9:41:03 PM  [mysql] 	the Windows Event Viewer for more clues
9:41:03 PM  [mysql] 	If you need more help, copy and post this
9:41:03 PM  [mysql] 	entire log window on the forums
9:41:03 PM  [Apache] 	Status change detected: stopped
9:41:03 PM  [Apache] 	Error: Apache shutdown unexpectedly.
9:41:03 PM  [Apache] 	This may be due to a blocked port, missing dependencies, 
9:41:03 PM  [Apache] 	improper privileges, a crash, or a shutdown by another method.
9:41:03 PM  [Apache] 	Press the Logs button to view error logs and check
9:41:03 PM  [Apache] 	the Windows Event Viewer for more clues
9:41:03 PM  [Apache] 	If you need more help, copy and post this
9:41:03 PM  [Apache] 	entire log window on the forums
9:41:03 PM  [main] 	Deinitializing Modules
9:41:03 PM  [main] 	Deinitializing Control Panel

11:11:40 AM  [main] 	Initializing Control Panel
11:11:40 AM  [main] 	Windows Version: Windows 7 Ultimate SP1 32-bit
11:11:40 AM  [main] 	XAMPP Version: 5.6.8
11:11:40 AM  [main] 	Control Panel Version: 3.2.1  [ Compiled: May 7th 2013 ]
11:11:40 AM  [main] 	Running with Administrator rights - good!
11:11:40 AM  [main] 	XAMPP Installation Directory: "c:\xampp\"
11:11:40 AM  [main] 	Checking for prerequisites
11:11:54 AM  [main] 	All prerequisites found
11:11:54 AM  [main] 	Initializing Modules
11:11:54 AM  [main] 	Starting Check-Timer
11:11:54 AM  [main] 	Control Panel Ready
11:11:56 AM  [Apache] 	Attempting to start Apache app...
11:11:56 AM  [mysql] 	Attempting to start MySQL app...
11:11:57 AM  [Apache] 	Status change detected: running
11:11:58 AM  [mysql] 	Status change detected: running
9:16:43 PM  [Apache] 	Attempting to stop Apache (PID: 4444)
9:16:43 PM  [Apache] 	Attempting to stop Apache (PID: 5516)
9:16:46 PM  [mysql] 	Attempting to stop MySQL (PID: 3628)
9:16:46 PM  [Apache] 	Status change detected: stopped
9:16:47 PM  [mysql] 	Status change detected: stopped
9:17:24 PM  [main] 	Deinitializing Modules
9:17:24 PM  [main] 	Deinitializing Control Panel

10:46:55 AM  [main] 	Initializing Control Panel
10:46:55 AM  [main] 	Windows Version: Windows 7 Ultimate SP1 32-bit
10:46:55 AM  [main] 	XAMPP Version: 5.6.8
10:46:55 AM  [main] 	Control Panel Version: 3.2.1  [ Compiled: May 7th 2013 ]
10:46:55 AM  [main] 	Running with Administrator rights - good!
10:46:55 AM  [main] 	XAMPP Installation Directory: "c:\xampp\"
10:46:55 AM  [main] 	Checking for prerequisites
10:46:58 AM  [main] 	All prerequisites found
10:46:58 AM  [main] 	Initializing Modules
10:46:58 AM  [main] 	Starting Check-Timer
10:46:58 AM  [main] 	Control Panel Ready
10:46:59 AM  [Apache] 	Attempting to start Apache app...
10:47:00 AM  [mysql] 	Attempting to start MySQL app...
10:47:00 AM  [Apache] 	Status change detected: running
10:47:01 AM  [mysql] 	Status change detected: running
10:34:37 PM  [Apache] 	Attempting to stop Apache (PID: 988)
10:34:37 PM  [Apache] 	Attempting to stop Apache (PID: 2356)
10:34:37 PM  [mysql] 	Attempting to stop MySQL (PID: 1660)
10:34:39 PM  [Apache] 	Status change detected: stopped
10:34:39 PM  [mysql] 	Status change detected: stopped
10:35:38 PM  [main] 	Deinitializing Modules
10:35:38 PM  [main] 	Deinitializing Control Panel

12:01:49 AM  [main] 	Initializing Control Panel
12:01:49 AM  [main] 	Windows Version: Windows 7 Ultimate SP1 32-bit
12:01:49 AM  [main] 	XAMPP Version: 5.6.8
12:01:49 AM  [main] 	Control Panel Version: 3.2.1  [ Compiled: May 7th 2013 ]
12:01:49 AM  [main] 	Running with Administrator rights - good!
12:01:49 AM  [main] 	XAMPP Installation Directory: "c:\xampp\"
12:01:49 AM  [main] 	Checking for prerequisites
12:02:12 AM  [main] 	All prerequisites found
12:02:12 AM  [main] 	Initializing Modules
12:02:13 AM  [main] 	Starting Check-Timer
12:02:13 AM  [main] 	Control Panel Ready
10:26:46 AM  [Apache] 	Attempting to start Apache app...
10:26:46 AM  [Apache] 	Status change detected: running
10:26:46 AM  [mysql] 	Attempting to start MySQL app...
10:26:47 AM  [mysql] 	Status change detected: running
6:58:34 PM  [Apache] 	Attempting to stop Apache (PID: 2344)
6:58:34 PM  [Apache] 	Attempting to stop Apache (PID: 3388)
6:58:34 PM  [mysql] 	Attempting to stop MySQL (PID: 2844)
6:58:35 PM  [Apache] 	Status change detected: stopped
6:58:35 PM  [mysql] 	Status change detected: stopped
6:58:55 PM  [main] 	Deinitializing Modules
6:58:55 PM  [main] 	Deinitializing Control Panel

11:25:09 AM  [main] 	Initializing Control Panel
11:25:09 AM  [main] 	Windows Version: Windows 7 Ultimate SP1 32-bit
11:25:09 AM  [main] 	XAMPP Version: 5.6.8
11:25:09 AM  [main] 	Control Panel Version: 3.2.1  [ Compiled: May 7th 2013 ]
11:25:09 AM  [main] 	Running with Administrator rights - good!
11:25:09 AM  [main] 	XAMPP Installation Directory: "c:\xampp\"
11:25:09 AM  [main] 	Checking for prerequisites
11:25:23 AM  [main] 	All prerequisites found
11:25:23 AM  [main] 	Initializing Modules
11:25:23 AM  [main] 	Starting Check-Timer
11:25:23 AM  [main] 	Control Panel Ready
11:25:25 AM  [Apache] 	Attempting to start Apache app...
11:25:25 AM  [Apache] 	Status change detected: running
11:25:26 AM  [mysql] 	Attempting to start MySQL app...
11:25:26 AM  [mysql] 	Status change detected: running
8:43:28 PM  [Apache] 	Attempting to stop Apache (PID: 5060)
8:43:28 PM  [Apache] 	Attempting to stop Apache (PID: 5644)
8:43:29 PM  [mysql] 	Attempting to stop MySQL (PID: 3436)
8:43:29 PM  [Apache] 	Status change detected: stopped
8:43:30 PM  [mysql] 	Status change detected: stopped
8:44:00 PM  [main] 	Deinitializing Modules
8:44:00 PM  [main] 	Deinitializing Control Panel

10:37:26 AM  [main] 	Initializing Control Panel
10:37:26 AM  [main] 	Windows Version: Windows 7 Ultimate SP1 32-bit
10:37:26 AM  [main] 	XAMPP Version: 5.6.8
10:37:26 AM  [main] 	Control Panel Version: 3.2.1  [ Compiled: May 7th 2013 ]
10:37:26 AM  [main] 	Running with Administrator rights - good!
10:37:26 AM  [main] 	XAMPP Installation Directory: "c:\xampp\"
10:37:26 AM  [main] 	Checking for prerequisites
10:37:28 AM  [main] 	All prerequisites found
10:37:28 AM  [main] 	Initializing Modules
10:37:28 AM  [main] 	Starting Check-Timer
10:37:28 AM  [main] 	Control Panel Ready
10:37:30 AM  [Apache] 	Attempting to start Apache app...
10:37:31 AM  [filezilla] 	Attempting to start FileZilla app...
10:37:31 AM  [Apache] 	Status change detected: running
10:37:31 AM  [filezilla] 	Status change detected: running
10:37:32 AM  [mysql] 	Attempting to start MySQL app...
10:37:32 AM  [mysql] 	Status change detected: running
10:37:35 AM  [filezilla] 	Attempting to stop FileZilla app...
10:37:36 AM  [filezilla] 	Status change detected: stopped
8:44:11 PM  [Apache] 	Attempting to stop Apache (PID: 5240)
8:44:11 PM  [Apache] 	Attempting to stop Apache (PID: 4312)
8:44:12 PM  [mysql] 	Attempting to stop MySQL (PID: 5324)
8:44:12 PM  [Apache] 	Status change detected: stopped
8:44:13 PM  [mysql] 	Status change detected: stopped
8:44:26 PM  [main] 	Deinitializing Modules
8:44:26 PM  [main] 	Deinitializing Control Panel

10:16:08 AM  [main] 	Initializing Control Panel
10:16:08 AM  [main] 	Windows Version: Windows 7 Ultimate SP1 32-bit
10:16:08 AM  [main] 	XAMPP Version: 5.6.8
10:16:08 AM  [main] 	Control Panel Version: 3.2.1  [ Compiled: May 7th 2013 ]
10:16:08 AM  [main] 	Running with Administrator rights - good!
10:16:08 AM  [main] 	XAMPP Installation Directory: "c:\xampp\"
10:16:08 AM  [main] 	Checking for prerequisites
10:16:10 AM  [main] 	All prerequisites found
10:16:10 AM  [main] 	Initializing Modules
10:16:10 AM  [main] 	Starting Check-Timer
10:16:10 AM  [main] 	Control Panel Ready
10:16:11 AM  [Apache] 	Attempting to start Apache app...
10:16:11 AM  [mysql] 	Attempting to start MySQL app...
10:16:12 AM  [Apache] 	Status change detected: running
10:16:13 AM  [mysql] 	Status change detected: running
8:21:13 PM  [Apache] 	Attempting to stop Apache (PID: 4776)
8:21:13 PM  [Apache] 	Attempting to stop Apache (PID: 5120)
8:21:13 PM  [mysql] 	Attempting to stop MySQL (PID: 4792)
8:21:16 PM  [mysql] 	Status change detected: stopped
8:21:20 PM  [Apache] 	Status change detected: stopped
8:21:59 PM  [main] 	Deinitializing Modules
8:21:59 PM  [main] 	Deinitializing Control Panel

11:52:49 AM  [main] 	Initializing Control Panel
11:52:49 AM  [main] 	Windows Version: Windows 7 Ultimate SP1 32-bit
11:52:49 AM  [main] 	XAMPP Version: 5.6.8
11:52:49 AM  [main] 	Control Panel Version: 3.2.1  [ Compiled: May 7th 2013 ]
11:52:49 AM  [main] 	Running with Administrator rights - good!
11:52:49 AM  [main] 	XAMPP Installation Directory: "c:\xampp\"
11:52:49 AM  [main] 	Checking for prerequisites
11:52:50 AM  [main] 	All prerequisites found
11:52:50 AM  [main] 	Initializing Modules
11:52:50 AM  [main] 	Starting Check-Timer
11:52:50 AM  [main] 	Control Panel Ready
11:52:55 AM  [Apache] 	Attempting to start Apache app...
11:52:55 AM  [mysql] 	Attempting to start MySQL app...
11:52:56 AM  [Apache] 	Status change detected: running
11:52:57 AM  [mysql] 	Status change detected: running
8:52:52 PM  [Apache] 	Attempting to stop Apache (PID: 5912)
8:52:52 PM  [Apache] 	Attempting to stop Apache (PID: 3096)
8:52:53 PM  [mysql] 	Attempting to stop MySQL (PID: 916)
8:52:54 PM  [Apache] 	Status change detected: stopped
8:52:54 PM  [mysql] 	Status change detected: stopped
9:04:07 PM  [main] 	Deinitializing Modules
9:04:07 PM  [main] 	Deinitializing Control Panel

10:26:54 AM  [main] 	Initializing Control Panel
10:26:54 AM  [main] 	Windows Version: Windows 7 Ultimate SP1 32-bit
10:26:54 AM  [main] 	XAMPP Version: 5.6.8
10:26:54 AM  [main] 	Control Panel Version: 3.2.1  [ Compiled: May 7th 2013 ]
10:26:54 AM  [main] 	Running with Administrator rights - good!
10:26:54 AM  [main] 	XAMPP Installation Directory: "c:\xampp\"
10:26:54 AM  [main] 	Checking for prerequisites
10:26:55 AM  [main] 	All prerequisites found
10:26:55 AM  [main] 	Initializing Modules
10:26:55 AM  [main] 	Starting Check-Timer
10:26:55 AM  [main] 	Control Panel Ready
10:26:56 AM  [Apache] 	Attempting to start Apache app...
10:26:57 AM  [mysql] 	Attempting to start MySQL app...
10:26:57 AM  [Apache] 	Status change detected: running
10:26:57 AM  [mysql] 	Status change detected: running
8:29:20 PM  [Apache] 	Attempting to stop Apache (PID: 2892)
8:29:20 PM  [Apache] 	Attempting to stop Apache (PID: 2772)
8:29:23 PM  [mysql] 	Attempting to stop MySQL (PID: 3276)
8:29:24 PM  [mysql] 	Status change detected: stopped
8:29:25 PM  [Apache] 	Status change detected: stopped
8:29:40 PM  [main] 	Deinitializing Modules
8:29:40 PM  [main] 	Deinitializing Control Panel

10:42:24 AM  [main] 	Initializing Control Panel
10:42:24 AM  [main] 	Windows Version: Windows 7 Ultimate SP1 32-bit
10:42:24 AM  [main] 	XAMPP Version: 5.6.8
10:42:24 AM  [main] 	Control Panel Version: 3.2.1  [ Compiled: May 7th 2013 ]
10:42:24 AM  [main] 	Running with Administrator rights - good!
10:42:24 AM  [main] 	XAMPP Installation Directory: "c:\xampp\"
10:42:24 AM  [main] 	Checking for prerequisites
10:42:26 AM  [main] 	All prerequisites found
10:42:26 AM  [main] 	Initializing Modules
10:42:26 AM  [main] 	Starting Check-Timer
10:42:26 AM  [main] 	Control Panel Ready
10:42:28 AM  [Apache] 	Attempting to start Apache app...
10:42:29 AM  [Apache] 	Status change detected: running
10:42:30 AM  [mysql] 	Attempting to start MySQL app...
10:42:31 AM  [mysql] 	Status change detected: running
9:10:07 PM  [Apache] 	Attempting to stop Apache (PID: 2972)
9:10:07 PM  [Apache] 	Attempting to stop Apache (PID: 3280)
9:10:09 PM  [mysql] 	Attempting to stop MySQL (PID: 3368)
9:10:11 PM  [mysql] 	Status change detected: stopped
9:10:12 PM  [Apache] 	Status change detected: stopped
9:10:43 PM  [main] 	Deinitializing Modules
9:10:43 PM  [main] 	Deinitializing Control Panel

11:11:45 AM  [main] 	Initializing Control Panel
11:11:45 AM  [main] 	Windows Version: Windows 7 Ultimate SP1 32-bit
11:11:45 AM  [main] 	XAMPP Version: 5.6.8
11:11:45 AM  [main] 	Control Panel Version: 3.2.1  [ Compiled: May 7th 2013 ]
11:11:45 AM  [main] 	Running with Administrator rights - good!
11:11:45 AM  [main] 	XAMPP Installation Directory: "c:\xampp\"
11:11:45 AM  [main] 	Checking for prerequisites
11:11:58 AM  [main] 	All prerequisites found
11:11:58 AM  [main] 	Initializing Modules
11:11:58 AM  [main] 	Starting Check-Timer
11:11:58 AM  [main] 	Control Panel Ready
11:12:00 AM  [Apache] 	Attempting to start Apache app...
11:12:00 AM  [mysql] 	Attempting to start MySQL app...
11:12:01 AM  [Apache] 	Status change detected: running
11:12:02 AM  [mysql] 	Status change detected: running
9:38:17 PM  [mysql] 	Attempting to stop MySQL (PID: 2376)
9:38:17 PM  [Apache] 	Attempting to stop Apache (PID: 2596)
9:38:17 PM  [Apache] 	Attempting to stop Apache (PID: 2680)
9:38:19 PM  [mysql] 	Status change detected: stopped
9:38:20 PM  [Apache] 	Status change detected: stopped
9:38:37 PM  [main] 	Deinitializing Modules
9:38:37 PM  [main] 	Deinitializing Control Panel

11:06:16 AM  [main] 	Initializing Control Panel
11:06:16 AM  [main] 	Windows Version: Windows 7 Ultimate SP1 32-bit
11:06:16 AM  [main] 	XAMPP Version: 5.6.8
11:06:16 AM  [main] 	Control Panel Version: 3.2.1  [ Compiled: May 7th 2013 ]
11:06:16 AM  [main] 	Running with Administrator rights - good!
11:06:16 AM  [main] 	XAMPP Installation Directory: "c:\xampp\"
11:06:16 AM  [main] 	Checking for prerequisites
11:06:17 AM  [main] 	All prerequisites found
11:06:17 AM  [main] 	Initializing Modules
11:06:17 AM  [main] 	Starting Check-Timer
11:06:17 AM  [main] 	Control Panel Ready
11:06:19 AM  [Apache] 	Attempting to start Apache app...
11:06:19 AM  [mysql] 	Attempting to start MySQL app...
11:06:20 AM  [Apache] 	Status change detected: running
11:06:20 AM  [mysql] 	Status change detected: running
8:42:44 PM  [Apache] 	Attempting to stop Apache (PID: 2116)
8:42:44 PM  [Apache] 	Attempting to stop Apache (PID: 5036)
8:42:44 PM  [mysql] 	Attempting to stop MySQL (PID: 1564)
8:42:45 PM  [mysql] 	Status change detected: stopped
8:42:45 PM  [Apache] 	Status change detected: stopped
8:42:56 PM  [main] 	Deinitializing Modules
8:42:56 PM  [main] 	Deinitializing Control Panel

10:41:34 AM  [main] 	Initializing Control Panel
10:41:34 AM  [main] 	Windows Version: Windows 7 Ultimate SP1 32-bit
10:41:34 AM  [main] 	XAMPP Version: 5.6.8
10:41:34 AM  [main] 	Control Panel Version: 3.2.1  [ Compiled: May 7th 2013 ]
10:41:34 AM  [main] 	Running with Administrator rights - good!
10:41:34 AM  [main] 	XAMPP Installation Directory: "c:\xampp\"
10:41:34 AM  [main] 	Checking for prerequisites
10:41:35 AM  [main] 	All prerequisites found
10:41:35 AM  [main] 	Initializing Modules
10:41:36 AM  [main] 	Starting Check-Timer
10:41:36 AM  [main] 	Control Panel Ready
10:41:37 AM  [Apache] 	Attempting to start Apache app...
10:41:38 AM  [mysql] 	Attempting to start MySQL app...
10:41:39 AM  [Apache] 	Status change detected: running
10:41:39 AM  [mysql] 	Status change detected: running
8:14:56 PM  [Apache] 	Attempting to stop Apache (PID: 2248)
8:14:56 PM  [Apache] 	Attempting to stop Apache (PID: 2784)
8:14:57 PM  [mysql] 	Attempting to stop MySQL (PID: 2884)
8:14:58 PM  [Apache] 	Status change detected: stopped
8:14:58 PM  [mysql] 	Status change detected: stopped
8:15:19 PM  [main] 	Deinitializing Modules
8:15:19 PM  [main] 	Deinitializing Control Panel

7:40:18 PM  [main] 	Initializing Control Panel
7:40:18 PM  [main] 	Windows Version: Windows 7 Ultimate SP1 32-bit
7:40:18 PM  [main] 	XAMPP Version: 5.6.8
7:40:18 PM  [main] 	Control Panel Version: 3.2.1  [ Compiled: May 7th 2013 ]
7:40:18 PM  [main] 	Running with Administrator rights - good!
7:40:18 PM  [main] 	XAMPP Installation Directory: "c:\xampp\"
7:40:18 PM  [main] 	Checking for prerequisites
7:40:19 PM  [main] 	All prerequisites found
7:40:19 PM  [main] 	Initializing Modules
7:40:19 PM  [main] 	Starting Check-Timer
7:40:19 PM  [main] 	Control Panel Ready
7:40:21 PM  [Apache] 	Attempting to start Apache app...
7:40:21 PM  [mysql] 	Attempting to start MySQL app...
7:40:22 PM  [Apache] 	Status change detected: running
7:40:22 PM  [mysql] 	Status change detected: running
8:02:24 PM  [Apache] 	Attempting to stop Apache (PID: 2312)
8:02:24 PM  [Apache] 	Attempting to stop Apache (PID: 3388)
8:02:24 PM  [Apache] 	Status change detected: stopped
8:02:25 PM  [mysql] 	Attempting to stop MySQL (PID: 3500)
8:02:25 PM  [mysql] 	Status change detected: stopped
8:02:26 PM  [mysql] 	Attempting to start MySQL app...
8:02:30 PM  [mysql] 	Status change detected: running
8:03:11 PM  [mysql] 	Status change detected: stopped
8:03:11 PM  [mysql] 	Error: MySQL shutdown unexpectedly.
8:03:11 PM  [mysql] 	This may be due to a blocked port, missing dependencies, 
8:03:11 PM  [mysql] 	improper privileges, a crash, or a shutdown by another method.
8:03:11 PM  [mysql] 	Press the Logs button to view error logs and check
8:03:11 PM  [mysql] 	the Windows Event Viewer for more clues
8:03:11 PM  [mysql] 	If you need more help, copy and post this
8:03:11 PM  [mysql] 	entire log window on the forums
8:03:11 PM  [main] 	Deinitializing Modules
8:03:11 PM  [main] 	Deinitializing Control Panel

10:28:52 AM  [main] 	Initializing Control Panel
10:28:52 AM  [main] 	Windows Version: Windows 7 Ultimate SP1 32-bit
10:28:52 AM  [main] 	XAMPP Version: 5.6.8
10:28:52 AM  [main] 	Control Panel Version: 3.2.1  [ Compiled: May 7th 2013 ]
10:28:52 AM  [main] 	Running with Administrator rights - good!
10:28:52 AM  [main] 	XAMPP Installation Directory: "c:\xampp\"
10:28:52 AM  [main] 	Checking for prerequisites
10:29:03 AM  [main] 	All prerequisites found
10:29:03 AM  [main] 	Initializing Modules
10:29:03 AM  [main] 	Starting Check-Timer
10:29:03 AM  [main] 	Control Panel Ready
10:29:06 AM  [main] 	Deinitializing Modules
10:29:06 AM  [main] 	Deinitializing Control Panel

10:37:17 AM  [main] 	Initializing Control Panel
10:37:17 AM  [main] 	Windows Version: Windows 7 Ultimate SP1 32-bit
10:37:17 AM  [main] 	XAMPP Version: 5.6.8
10:37:17 AM  [main] 	Control Panel Version: 3.2.1  [ Compiled: May 7th 2013 ]
10:37:17 AM  [main] 	Running with Administrator rights - good!
10:37:17 AM  [main] 	XAMPP Installation Directory: "c:\xampp\"
10:37:17 AM  [main] 	Checking for prerequisites
10:37:19 AM  [main] 	All prerequisites found
10:37:19 AM  [main] 	Initializing Modules
10:37:19 AM  [main] 	Starting Check-Timer
10:37:19 AM  [main] 	Control Panel Ready
10:37:20 AM  [Apache] 	Attempting to start Apache app...
10:37:21 AM  [mysql] 	Attempting to start MySQL app...
10:37:21 AM  [Apache] 	Status change detected: running
10:37:22 AM  [mysql] 	Status change detected: running
9:04:56 PM  [Apache] 	Attempting to stop Apache (PID: 3460)
9:04:56 PM  [Apache] 	Attempting to stop Apache (PID: 4168)
9:04:57 PM  [mysql] 	Attempting to stop MySQL (PID: 368)
9:04:57 PM  [Apache] 	Status change detected: stopped
9:04:58 PM  [mysql] 	Status change detected: stopped
9:05:27 PM  [main] 	Deinitializing Modules
9:05:27 PM  [main] 	Deinitializing Control Panel

6:40:35 PM  [main] 	Initializing Control Panel
6:40:35 PM  [main] 	Windows Version: Windows 7 Ultimate SP1 32-bit
6:40:35 PM  [main] 	XAMPP Version: 5.6.8
6:40:35 PM  [main] 	Control Panel Version: 3.2.1  [ Compiled: May 7th 2013 ]
6:40:35 PM  [main] 	Running with Administrator rights - good!
6:40:35 PM  [main] 	XAMPP Installation Directory: "c:\xampp\"
6:40:35 PM  [main] 	Checking for prerequisites
6:40:36 PM  [main] 	All prerequisites found
6:40:36 PM  [main] 	Initializing Modules
6:40:36 PM  [main] 	Starting Check-Timer
6:40:36 PM  [main] 	Control Panel Ready
6:40:38 PM  [Apache] 	Attempting to start Apache app...
6:40:38 PM  [mysql] 	Attempting to start MySQL app...
6:40:38 PM  [Apache] 	Status change detected: running
6:40:39 PM  [mysql] 	Status change detected: running
8:10:54 PM  [main] 	Deinitializing Modules
8:10:54 PM  [main] 	Deinitializing Control Panel

